make.exe all --print-data-base --no-builtin-variables --no-builtin-rules --question
# GNU Make 3.82.90
# Built for i686-pc-mingw32
# Copyright (C) 1988-2012 Free Software Foundation, Inc.
# License GPLv3+: GNU GPL version 3 or later <http://gnu.org/licenses/gpl.html>
# This is free software: you are free to change and redistribute it.
# There is NO WARRANTY, to the extent permitted by law.
 

# Make data base, printed on Thu Apr 20 18:34:41 2023

# Variables

# automatic
<D = $(patsubst %/,%,$(patsubst %\,%,$(dir $<)))
# automatic
?F = $(notdir $?)
# environment
WSLENV = WT_SESSION::WT_PROFILE_ID
# default
.SHELLFLAGS := -c
# environment
GATEWAY_VM_OPTIONS = D:\ja-netfilter-all\vmoptions\gateway.vmoptions
# makefile
MAKEFLAGS = Rrqp
# automatic
?D = $(patsubst %/,%,$(patsubst %\,%,$(dir $?)))
# environment
WEBSTORM_VM_OPTIONS = D:\ja-netfilter-all\vmoptions\webstorm.vmoptions
# automatic
@D = $(patsubst %/,%,$(patsubst %\,%,$(dir $@)))
# environment
HOMEDRIVE = C:
# automatic
@F = $(notdir $@)
# automatic
^D = $(patsubst %/,%,$(patsubst %\,%,$(dir $^)))
# makefile
CURDIR := d:/Github/nla
# default
SHELL := sh.exe
# environment
APPCODE_VM_OPTIONS = D:\ja-netfilter-all\vmoptions\appcode.vmoptions
# environment
WINDIR = C:\WINDOWS
# environment
VSCODE_NLS_CONFIG = {"locale":"en-us","osLocale":"zh-cn","availableLanguages":{},"_languagePackSupport":true}
# environment
ONEDRIVE = C:\Users\zhufa\OneDrive
# environment
PATHEXT = .COM;.EXE;.BAT;.CMD;.VBS;.VBE;.JS;.JSE;.WSF;.WSH;.MSC;.CPL
# environment
_CONDA_EXE = D:\ProgramData\Miniconda3\Scripts\conda.exe
# makefile
MAKEFILE_LIST := 
# environment
TMP = C:\Users\zhufa\AppData\Local\Temp
# environment
PROGRAMW6432 = C:\Program Files
# environment
PROGRAMDATA = C:\ProgramData
# environment
WEBIDE_VM_OPTIONS = D:\ja-netfilter-all\vmoptions\webide.vmoptions
# environment
VSCODE_CWD = D:\Github\nla
# environment
PATH = D:\ProgramData\Miniconda3;D:\ProgramData\Miniconda3\Library\mingw-w64\bin;D:\ProgramData\Miniconda3\Library\usr\bin;D:\ProgramData\Miniconda3\Library\bin;D:\ProgramData\Miniconda3\Scripts;D:\ProgramData\Miniconda3\bin;D:\ProgramData\Miniconda3\condabin;C:\Windows\system32;C:\Windows;C:\Windows\System32\Wbem;C:\Windows\System32\WindowsPowerShell\v1.0;C:\Windows\System32\OpenSSH;C:\Program Files (x86)\NVIDIA Corporation\PhysX\Common;D:\ProgramData\Miniconda3;D:\ProgramData\Miniconda3\Lib\bin;D:\ProgramData\Miniconda3\Scripts;C:\Program Files\Git\cmd;C:\Program Files\Wolfram Research\WolframScript;C:\MinGW\bin;D:\Program Files\MATLAB\R2022a\runtime\win64;D:\Program Files\MATLAB\R2022a\bin;C:\Users\zhufa\AppData\Local\Programs\Julia-1.8.0\bin;.;C:\WINDOWS\system32;C:\WINDOWS;C:\WINDOWS\System32\Wbem;C:\WINDOWS\System32\WindowsPowerShell\v1.0;C:\WINDOWS\System32\OpenSSH;C:\Program Files\Calibre2;C:\Users\zhufa\AppData\Local\Microsoft\WindowsApps;D:\texlive\2022\bin\win32;C:\Users\zhufa\AppData\Local\Programs\Microsoft VS Code\bin;D:\Program Files\Julia-1.8.3\bin;D:\Program Files\JetBrains\PyCharm 2022.3.3\bin
# environment
PHPSTORM_VM_OPTIONS = D:\ja-netfilter-all\vmoptions\phpstorm.vmoptions
# environment
COMMONPROGRAMW6432 = C:\Program Files\Common Files
# environment
LC_ALL = C
# environment
PROCESSOR_ARCHITECTURE = x86
# environment
USERPROFILE = C:\Users\zhufa
# environment
ALLUSERSPROFILE = C:\ProgramData
# environment
GOLAND_VM_OPTIONS = D:\ja-netfilter-all\vmoptions\goland.vmoptions
# environment
LOGONSERVER = \\FUNZOO
# environment
NUMBER_OF_PROCESSORS = 16
# environment
ELECTRON_RUN_AS_NODE = 1
# environment
JETBRAINSCLIENT_VM_OPTIONS = D:\ja-netfilter-all\vmoptions\jetbrainsclient.vmoptions
# default
.FEATURES := target-specific order-only second-expansion else-if shortest-stem undefine oneshell archives jobserver
# environment
IDEA_VM_OPTIONS = D:\ja-netfilter-all\vmoptions\idea.vmoptions
# environment
DATASPELL_VM_OPTIONS = D:\ja-netfilter-all\vmoptions\dataspell.vmoptions
# automatic
%F = $(notdir $%)
# environment
CONDA_EXE = D:\ProgramData\Miniconda3\Scripts\conda.exe
# environment
CHROME_CRASHPAD_PIPE_NAME = \\.\pipe\LOCAL\crashpad_13100_ZNMRWYCMRVPZIHSX
# environment
COMPUTERNAME = FUNZOO
# environment
VSCODE_CRASH_REPORTER_PROCESS_TYPE = extensionHost
# environment
PROGRAMFILES = C:\Program Files (x86)
# environment
DRIVERDATA = C:\Windows\System32\Drivers\DriverData
# environment
JETBRAINS_CLIENT_VM_OPTIONS = D:\ja-netfilter-all\vmoptions\jetbrains_client.vmoptions
# environment
ORIGINAL_XDG_CURRENT_DESKTOP = undefined
# environment
WT_SESSION = 1f86e378-5dd9-4024-8aac-44df481183ce
# environment
USERNAME = zhufa
# environment
PUBLIC = C:\Users\Public
# environment
VSCODE_AMD_ENTRYPOINT = vs/workbench/api/node/extensionHostProcess
# environment
RIDER_VM_OPTIONS = D:\ja-netfilter-all\vmoptions\rider.vmoptions
# environment
VSCODE_CLI = 1
# environment
VSCODE_CODE_CACHE_PATH = C:\Users\zhufa\AppData\Roaming\Code\CachedData\704ed70d4fd1c6bd6342c436f1ede30d1cff4710
# environment
APPLICATION_INSIGHTS_NO_DIAGNOSTIC_CHANNEL = 1
# environment
COMMONPROGRAMFILES = C:\Program Files (x86)\Common Files
# environment
CONDA_PROMPT_MODIFIER = (base) 
# environment
VSCODE_HANDLES_UNCAUGHT_ERRORS = true
# environment
USERDOMAIN = FUNZOO
# environment
MAKELEVEL := 0
# environment
CONDA_DEFAULT_ENV = base
# default
MAKE = $(MAKE_COMMAND)
# default
MAKECMDGOALS := all
# environment
LATEXWORKSHOP_DOCKER_LATEX = 
# environment
VSCODE_CRASH_REPORTER_SANDBOXED_HINT = 1
# default
MAKE_VERSION := 3.82.90
# makefile
.DEFAULT_GOAL := 
# environment
PROGRAMFILES(X86) = C:\Program Files (x86)
# automatic
%D = $(patsubst %/,%,$(patsubst %\,%,$(dir $%)))
# environment
LOCALAPPDATA = C:\Users\zhufa\AppData\Local
# environment
CONDA_SHLVL = 1
# environment
PSMODULEPATH = C:\Users\zhufa\Documents\WindowsPowerShell\Modules;C:\Program Files\WindowsPowerShell\Modules;C:\WINDOWS\system32\WindowsPowerShell\v1.0\Modules
# default
MAKE_COMMAND := make.exe
# environment
PROCESSOR_ARCHITEW6432 = AMD64
# default
.VARIABLES := 
# automatic
*F = $(notdir $*)
# environment
PROCESSOR_IDENTIFIER = AMD64 Family 23 Model 96 Stepping 1, AuthenticAMD
# environment
OS = Windows_NT
# environment
VSCODE_IPC_HOOK = \\.\pipe\786c3495156c3a92eaef8cd4b097e255-1.77.3-main-sock
# environment
HOMEPATH = \Users\zhufa
# environment
COMMONPROGRAMFILES(X86) = C:\Program Files (x86)\Common Files
# environment
PROMPT = $P$G
# environment
MFLAGS = -Rrqp
# automatic
*D = $(patsubst %/,%,$(patsubst %\,%,$(dir $*)))
# environment
SYSTEMROOT = C:\WINDOWS
# environment
RUBYMINE_VM_OPTIONS = D:\ja-netfilter-all\vmoptions\rubymine.vmoptions
# automatic
+D = $(patsubst %/,%,$(patsubst %\,%,$(dir $+)))
# environment
DATAGRIP_VM_OPTIONS = D:\ja-netfilter-all\vmoptions\datagrip.vmoptions
# automatic
+F = $(notdir $+)
# environment
APPDATA = C:\Users\zhufa\AppData\Roaming
# environment
TEMP = C:\Users\zhufa\AppData\Local\Temp
# environment
_CONDA_ROOT = D:\ProgramData\Miniconda3
# environment
WT_PROFILE_ID = {61c54bbd-c2c6-5271-96e7-009a87ff44bf}
# environment
COMSPEC = C:\WINDOWS\system32\cmd.exe
# environment
PYCHARM_VM_OPTIONS = D:\ja-netfilter-all\vmoptions\pycharm.vmoptions
# default
MAKEFILES := 
# automatic
<F = $(notdir $<)
# environment
ELECTRON_NO_ATTACH_CONSOLE = 1
# environment
CONDA_PYTHON_EXE = D:\ProgramData\Miniconda3\python.exe
# automatic
^F = $(notdir $^)
# default
SUFFIXES := 
# environment
SYSTEMDRIVE = C:
# environment
PROCESSOR_REVISION = 6001
# environment
PYCHARM = D:\Program Files\JetBrains\PyCharm 2022.3.3\bin;
# default
.INCLUDE_DIRS = C:/MinGW/include
# default
.RECIPEPREFIX := 
# environment
CLION_VM_OPTIONS = D:\ja-netfilter-all\vmoptions\clion.vmoptions
# environment
CONDA_PREFIX = D:\ProgramData\Miniconda3
# environment
PROCESSOR_LEVEL = 23
# environment
VSCODE_PID = 13100
# environment
USERDOMAIN_ROAMINGPROFILE = FUNZOO
# environment
LANG = C
# variable set hash-table stats:
# Load=115/1024=11%, Rehash=0, Collisions=17/131=13%

# Pattern-specific Variable Values

# No pattern-specific variable values.

# Directories

# D:\Program Files\MATLAB\R2022a\runtime\win64 (key D:/Program Files/MATLAB/R2022a/runtime/win64, mtime 1661501336): 10 files, no impossibilities.
# C:\Users\zhufa\AppData\Local\Programs\Microsoft VS Code\bin (key C:/Users/zhufa/AppData/Local/Programs/Microsoft VS Code/bin, mtime 1681486943): 5 files, no impossibilities.
# D:\ProgramData\Miniconda3 (key D:/ProgramData/Miniconda3, mtime 1681746262): 81 files, no impossibilities.
# C:\WINDOWS\system32 (key C:/WINDOWS/system32, mtime 1681954219): 2932 files, no impossibilities.
# C:\WINDOWS\System32\Wbem (key C:/WINDOWS/System32/Wbem, mtime 1678991434): 171 files, no impossibilities.
# . (key d:/Github/nla, mtime 1681983897): 6 files, no impossibilities.
# C:\MinGW\bin (key C:/MinGW/bin, mtime 1661155794): 131 files, no impossibilities.
# C:\Windows\System32\OpenSSH: could not be stat'd.
# D:\texlive\2022\bin\win32 (key D:/texlive/2022/bin/win32, mtime 1654419939): 554 files, no impossibilities.
# C:\Program Files\Calibre2 (key C:/Program Files/Calibre2, mtime 1679578708): 24 files, no impossibilities.
# D:\ProgramData\Miniconda3\Library\usr\bin: could not be stat'd.
# D:\Program Files\Julia-1.8.3\bin (key D:/Program Files/Julia-1.8.3/bin, mtime 1671032948): 57 files, no impossibilities.
# C:\WINDOWS\System32\OpenSSH: could not be stat'd.
# C:\Program Files\Git\cmd (key C:/Program Files/Git/cmd, mtime 1655347579): 8 files, no impossibilities.
# D:\ProgramData\Miniconda3\Library\bin (key D:/ProgramData/Miniconda3/Library/bin, mtime 1651137143): 67 files, no impossibilities.
# C:\Program Files (x86)\NVIDIA Corporation\PhysX\Common (key C:/Program Files (x86)/NVIDIA Corporation/PhysX/Common, mtime 1654404271): 10 files, no impossibilities.
# C:\Users\zhufa\AppData\Local\Programs\Julia-1.8.0\bin: could not be stat'd.
# D:\ProgramData\Miniconda3\condabin (key D:/ProgramData/Miniconda3/condabin, mtime 1651137143): 9 files, no impossibilities.
# D:\ProgramData\Miniconda3\Scripts (key D:/ProgramData/Miniconda3/Scripts, mtime 1666534412): 60 files, no impossibilities.
# D:\ProgramData\Miniconda3\Lib\bin: could not be stat'd.
# C:\WINDOWS (key C:/WINDOWS, mtime 1681245033): 117 files, no impossibilities.
# D:\ProgramData\Miniconda3\Library\mingw-w64\bin: could not be stat'd.
# C:\WINDOWS\System32\WindowsPowerShell\v1.0 (key C:/WINDOWS/System32/WindowsPowerShell/v1.0, mtime 1676603085): 31 files, no impossibilities.
# C:\Windows (key C:/Windows, mtime 1681245033): 117 files, no impossibilities.
# C:\Program Files\Wolfram Research\WolframScript (key C:/Program Files/Wolfram Research/WolframScript, mtime 1660903577): 5 files, no impossibilities.
# D:\Program Files\MATLAB\R2022a\bin (key D:/Program Files/MATLAB/R2022a/bin, mtime 1661501360): 21 files, no impossibilities.
# C:\Windows\System32\Wbem (key C:/Windows/System32/Wbem, mtime 1678991434): 171 files, no impossibilities.
# D:\ProgramData\Miniconda3\bin: could not be stat'd.
# C:\Windows\system32 (key C:/Windows/system32, mtime 1681954219): 2932 files, no impossibilities.
# D:\Program Files\JetBrains\PyCharm 2022.3.3\bin (key D:/Program Files/JetBrains/PyCharm 2022.3.3/bin, mtime 1679128977): 27 files, no impossib 
make.exe: *** No rule to make target 'all'.  Stop.

ilities.
# C:\Users\zhufa\AppData\Local\Microsoft\WindowsApps (key C:/Users/zhufa/AppData/Local/Microsoft/WindowsApps, mtime 1681252313): 29 files, no impossibilities.
# C:\Windows\System32\WindowsPowerShell\v1.0 (key C:/Windows/System32/WindowsPowerShell/v1.0, mtime 1676603085): 31 files, no impossibilities.

# 7606 files, no impossibilities in 32 directories.

# Implicit Rules

# No implicit rules.

# Files

# Not a target:
all:
#  Command line target.
#  Implicit rule search has been done.
#  File does not exist.
#  File has not been updated.

# Not a target:
.SUFFIXES:
#  Implicit rule search has not been done.
#  Modification time never checked.
#  File has not been updated.

# Not a target:
Makefile:
#  Implicit rule search has been done.
#  File does not exist.
#  File has been updated.
#  Failed to be updated.

# Not a target:
makefile:
#  Implicit rule search has been done.
#  File does not exist.
#  File has been updated.
#  Failed to be updated.

# Not a target:
.DEFAULT:
#  Implicit rule search has not been done.
#  Modification time never checked.
#  File has not been updated.

# Not a target:
GNUmakefile:
#  Implicit rule search has been done.
#  File does not exist.
#  File has been updated.
#  Failed to be updated.

# files hash-table stats:
# Load=6/1024=1%, Rehash=0, Collisions=0/15=0%
# VPATH Search Paths

# No 'vpath' search paths.

# No general ('VPATH' variable) search path.

# strcache buffers: 8 (7) / strings = 4200 / storage = 63428 B / avg = 15 B
# current buf: size = 8174 B / used = 6282 B / count = 462 / avg = 13 B
# other used: total = 55254 B / count = 3738 / avg = 14 B
# other free: total = 72 B / max = 14 B / min = 3 B / avg = 10 B

# strcache performance: lookups = 7646 / hit rate = 45%
# hash-table stats:
# Load=4200/8192=51%, Rehash=0, Collisions=2868/7646=38%
# Finished Make data base on Thu Apr 20 18:34:41 2023

 
